<?xml version="1.0" encoding="UTF-8"?>
<testng-results skipped="0" failed="0" total="1" passed="1">
  <reporter-output>
  </reporter-output>
  <suite name="Suite" duration-ms="6793" started-at="2020-07-15T05:54:49Z" finished-at="2020-07-15T05:54:56Z">
    <groups>
    </groups>
    <test name="Test" duration-ms="6793" started-at="2020-07-15T05:54:49Z" finished-at="2020-07-15T05:54:56Z">
      <class name="launch.Browser">
        <test-method status="PASS" signature="launch_browser()[pri:0, instance:launch.Browser@3930015a]" name="launch_browser" duration-ms="6778" started-at="2020-07-15T11:24:49Z" finished-at="2020-07-15T11:24:56Z">
          <reporter-output>
          </reporter-output>
        </test-method> <!-- launch_browser -->
      </class> <!-- launch.Browser -->
    </test> <!-- Test -->
  </suite> <!-- Suite -->
</testng-results>
